[0m13:07:00.564212 [debug] [MainThread]: Sending event: {'category': 'dbt', 'action': 'invocation', 'label': 'start', 'context': [<snowplow_tracker.self_describing_json.SelfDescribingJson object at 0x10b65f350>, <snowplow_tracker.self_describing_json.SelfDescribingJson object at 0x10b8b0ce0>, <snowplow_tracker.self_describing_json.SelfDescribingJson object at 0x10b8b0980>]}


============================== 13:07:00.590935 | 84e39f80-916a-48d8-84ec-8fa009658b03 ==============================
[0m13:07:00.590935 [info ] [MainThread]: Running with dbt=1.9.4
[0m13:07:00.591368 [debug] [MainThread]: running dbt with arguments {'printer_width': '80', 'indirect_selection': 'eager', 'write_json': 'True', 'log_cache_events': 'False', 'partial_parse': 'True', 'cache_selected_only': 'False', 'profiles_dir': '/Users/danielj.brown/.dbt', 'debug': 'False', 'warn_error': 'None', 'log_path': 'logs', 'version_check': 'True', 'fail_fast': 'False', 'use_colors': 'True', 'use_experimental_parser': 'False', 'no_print': 'None', 'quiet': 'False', 'empty': 'None', 'warn_error_options': 'WarnErrorOptions(include=[], exclude=[])', 'static_parser': 'True', 'invocation_command': 'dbt init', 'log_format': 'default', 'target_path': 'None', 'introspect': 'True', 'send_anonymous_usage_stats': 'True'}
[0m13:07:11.781541 [debug] [MainThread]: Starter project path: /Users/danielj.brown/Documents/GitHub/ethereum_project/.venv/lib/python3.12/site-packages/dbt/include/starter_project
[0m13:07:11.797599 [info ] [MainThread]: 
Your new dbt project "eth" was created!

For more information on how to configure the profiles.yml file,
please consult the dbt documentation here:

  https://docs.getdbt.com/docs/configure-your-profile

One more thing:

Need help? Don't hesitate to reach out to us via GitHub issues or on Slack:

  https://community.getdbt.com/

Happy modeling!

[0m13:07:11.798207 [info ] [MainThread]: Setting up your profile.
[0m13:12:19.863818 [info ] [MainThread]: Profile eth written to /Users/danielj.brown/.dbt/profiles.yml using target's profile_template.yml and your supplied values. Run 'dbt debug' to validate the connection.
[0m13:12:19.867275 [debug] [MainThread]: Resource report: {"command_name": "init", "command_success": true, "command_wall_clock_time": 319.34128, "process_in_blocks": "0", "process_kernel_time": 0.686639, "process_mem_max_rss": "152387584", "process_out_blocks": "0", "process_user_time": 2.472833}
[0m13:12:19.871072 [debug] [MainThread]: Command `dbt init` succeeded at 13:12:19.870685 after 319.35 seconds
[0m13:12:19.872455 [debug] [MainThread]: Sending event: {'category': 'dbt', 'action': 'invocation', 'label': 'end', 'context': [<snowplow_tracker.self_describing_json.SelfDescribingJson object at 0x10bfefaa0>, <snowplow_tracker.self_describing_json.SelfDescribingJson object at 0x10c0dc530>, <snowplow_tracker.self_describing_json.SelfDescribingJson object at 0x10c0ddc40>]}
[0m13:12:19.873472 [debug] [MainThread]: Flushing usage events
[0m13:12:20.057988 [debug] [MainThread]: An error was encountered while trying to flush usage events
[0m13:12:28.912659 [debug] [MainThread]: Sending event: {'category': 'dbt', 'action': 'invocation', 'label': 'start', 'context': [<snowplow_tracker.self_describing_json.SelfDescribingJson object at 0x10d4b3890>, <snowplow_tracker.self_describing_json.SelfDescribingJson object at 0x10d60b230>, <snowplow_tracker.self_describing_json.SelfDescribingJson object at 0x10d60aed0>]}


============================== 13:12:28.916393 | af8d5d2a-9aab-47b8-8fec-6b423208f8e3 ==============================
[0m13:12:28.916393 [info ] [MainThread]: Running with dbt=1.9.4
[0m13:12:28.916796 [debug] [MainThread]: running dbt with arguments {'printer_width': '80', 'indirect_selection': 'eager', 'log_cache_events': 'False', 'write_json': 'True', 'partial_parse': 'True', 'cache_selected_only': 'False', 'profiles_dir': '/Users/danielj.brown/.dbt', 'debug': 'False', 'version_check': 'True', 'log_path': 'logs', 'fail_fast': 'False', 'warn_error': 'None', 'use_colors': 'True', 'use_experimental_parser': 'False', 'empty': 'None', 'quiet': 'False', 'no_print': 'None', 'log_format': 'default', 'static_parser': 'True', 'warn_error_options': 'WarnErrorOptions(include=[], exclude=[])', 'introspect': 'True', 'target_path': 'None', 'invocation_command': 'dbt debug', 'send_anonymous_usage_stats': 'True'}
[0m13:12:28.930117 [info ] [MainThread]: dbt version: 1.9.4
[0m13:12:28.930547 [info ] [MainThread]: python version: 3.12.12
[0m13:12:28.930708 [info ] [MainThread]: python path: /Users/danielj.brown/Documents/GitHub/ethereum_project/.venv/bin/python3
[0m13:12:28.930850 [info ] [MainThread]: os info: macOS-26.4-arm64-arm-64bit
[0m13:12:29.136223 [info ] [MainThread]: Error importing adapter: No module named 'dbt.adapters.redshift'
[0m13:12:29.136725 [info ] [MainThread]: Using profiles dir at /Users/danielj.brown/.dbt
[0m13:12:29.136968 [info ] [MainThread]: Using profiles.yml file at /Users/danielj.brown/.dbt/profiles.yml
[0m13:12:29.137129 [info ] [MainThread]: Using dbt_project.yml file at /Users/danielj.brown/Documents/GitHub/ethereum_project/dbt_project.yml
[0m13:12:29.137297 [info ] [MainThread]: Configuration:
[0m13:12:29.137432 [info ] [MainThread]:   profiles.yml file [[31mERROR invalid[0m]
[0m13:12:29.137568 [info ] [MainThread]:   dbt_project.yml file [[31mERROR not found[0m]
[0m13:12:29.137694 [info ] [MainThread]: Required dependencies:
[0m13:12:29.137917 [debug] [MainThread]: Executing "git --help"
[0m13:12:29.151395 [debug] [MainThread]: STDOUT: "b"usage: git [-v | --version] [-h | --help] [-C <path>] [-c <name>=<value>]\n           [--exec-path[=<path>]] [--html-path] [--man-path] [--info-path]\n           [-p | --paginate | -P | --no-pager] [--no-replace-objects] [--no-lazy-fetch]\n           [--no-optional-locks] [--no-advice] [--bare] [--git-dir=<path>]\n           [--work-tree=<path>] [--namespace=<name>] [--config-env=<name>=<envvar>]\n           <command> [<args>]\n\nThese are common Git commands used in various situations:\n\nstart a working area (see also: git help tutorial)\n   clone      Clone a repository into a new directory\n   init       Create an empty Git repository or reinitialize an existing one\n\nwork on the current change (see also: git help everyday)\n   add        Add file contents to the index\n   mv         Move or rename a file, a directory, or a symlink\n   restore    Restore working tree files\n   rm         Remove files from the working tree and from the index\n\nexamine the history and state (see also: git help revisions)\n   bisect     Use binary search to find the commit that introduced a bug\n   diff       Show changes between commits, commit and working tree, etc\n   grep       Print lines matching a pattern\n   log        Show commit logs\n   show       Show various types of objects\n   status     Show the working tree status\n\ngrow, mark and tweak your common history\n   backfill   Download missing objects in a partial clone\n   branch     List, create, or delete branches\n   commit     Record changes to the repository\n   merge      Join two or more development histories together\n   rebase     Reapply commits on top of another base tip\n   reset      Set `HEAD` or the index to a known state\n   switch     Switch branches\n   tag        Create, list, delete or verify tags\n\ncollaborate (see also: git help workflows)\n   fetch      Download objects and refs from another repository\n   pull       Fetch from and integrate with another repository or a local branch\n   push       Update remote refs along with associated objects\n\n'git help -a' and 'git help -g' list available subcommands and some\nconcept guides. See 'git help <command>' or 'git help <concept>'\nto read about a specific subcommand or concept.\nSee 'git help git' for an overview of the system.\n""
[0m13:12:29.152099 [debug] [MainThread]: STDERR: "b''"
[0m13:12:29.152298 [info ] [MainThread]:  - git [[32mOK found[0m]

[0m13:12:29.152487 [info ] [MainThread]: Connection test skipped since no profile was found
[0m13:12:29.152888 [info ] [MainThread]: [31m2 checks failed:[0m
[0m13:12:29.153076 [info ] [MainThread]: Could not load dbt_project.yml
Profile loading failed for the following reason:
Runtime Error
  Credentials in profile "olist_dbt", target "dev" invalid: Runtime Error
    Could not find adapter type redshift!


[0m13:12:29.153269 [info ] [MainThread]: Project loading failed for the following reason:
 project path </Users/danielj.brown/Documents/GitHub/ethereum_project/dbt_project.yml> not found

[0m13:12:29.153836 [debug] [MainThread]: Resource report: {"command_name": "debug", "command_success": false, "command_wall_clock_time": 0.28569743, "process_in_blocks": "0", "process_kernel_time": 0.195042, "process_mem_max_rss": "128925696", "process_out_blocks": "0", "process_user_time": 0.89106}
[0m13:12:29.154662 [debug] [MainThread]: Command `dbt debug` failed at 13:12:29.154586 after 0.29 seconds
[0m13:12:29.155050 [debug] [MainThread]: Sending event: {'category': 'dbt', 'action': 'invocation', 'label': 'end', 'context': [<snowplow_tracker.self_describing_json.SelfDescribingJson object at 0x10d76f950>, <snowplow_tracker.self_describing_json.SelfDescribingJson object at 0x10e09bc80>, <snowplow_tracker.self_describing_json.SelfDescribingJson object at 0x10db756a0>]}
[0m13:12:29.155377 [debug] [MainThread]: Flushing usage events
[0m13:12:29.252140 [debug] [MainThread]: An error was encountered while trying to flush usage events
[0m13:14:45.131664 [debug] [MainThread]: Sending event: {'category': 'dbt', 'action': 'invocation', 'label': 'start', 'context': [<snowplow_tracker.self_describing_json.SelfDescribingJson object at 0x108d41310>, <snowplow_tracker.self_describing_json.SelfDescribingJson object at 0x1091bb200>, <snowplow_tracker.self_describing_json.SelfDescribingJson object at 0x1091baed0>]}


============================== 13:14:45.134878 | e51d98f0-7f8b-4f05-a0fa-d321e1fcd912 ==============================
[0m13:14:45.134878 [info ] [MainThread]: Running with dbt=1.9.4
[0m13:14:45.135277 [debug] [MainThread]: running dbt with arguments {'printer_width': '80', 'indirect_selection': 'eager', 'log_cache_events': 'False', 'write_json': 'True', 'partial_parse': 'True', 'cache_selected_only': 'False', 'profiles_dir': '/Users/danielj.brown/.dbt', 'version_check': 'True', 'fail_fast': 'False', 'log_path': 'logs', 'debug': 'False', 'warn_error': 'None', 'use_colors': 'True', 'use_experimental_parser': 'False', 'empty': 'None', 'quiet': 'False', 'no_print': 'None', 'log_format': 'default', 'static_parser': 'True', 'warn_error_options': 'WarnErrorOptions(include=[], exclude=[])', 'invocation_command': 'dbt debug', 'target_path': 'None', 'introspect': 'True', 'send_anonymous_usage_stats': 'True'}
[0m13:14:45.141997 [info ] [MainThread]: dbt version: 1.9.4
[0m13:14:45.142234 [info ] [MainThread]: python version: 3.12.12
[0m13:14:45.142387 [info ] [MainThread]: python path: /Users/danielj.brown/Documents/GitHub/ethereum_project/.venv/bin/python3
[0m13:14:45.142610 [info ] [MainThread]: os info: macOS-26.4-arm64-arm-64bit
[0m13:14:45.303094 [info ] [MainThread]: Using profiles dir at /Users/danielj.brown/.dbt
[0m13:14:45.303493 [info ] [MainThread]: Using profiles.yml file at /Users/danielj.brown/.dbt/profiles.yml
[0m13:14:45.303659 [info ] [MainThread]: Using dbt_project.yml file at /Users/danielj.brown/Documents/GitHub/ethereum_project/dbt_project.yml
[0m13:14:45.305323 [info ] [MainThread]: adapter type: snowflake
[0m13:14:45.305491 [info ] [MainThread]: adapter version: 1.9.4
[0m13:14:45.305654 [info ] [MainThread]: Configuration:
[0m13:14:45.305786 [info ] [MainThread]:   profiles.yml file [[32mOK found and valid[0m]
[0m13:14:45.305918 [info ] [MainThread]:   dbt_project.yml file [[31mERROR not found[0m]
[0m13:14:45.306044 [info ] [MainThread]: Required dependencies:
[0m13:14:45.306226 [debug] [MainThread]: Executing "git --help"
[0m13:14:45.317718 [debug] [MainThread]: STDOUT: "b"usage: git [-v | --version] [-h | --help] [-C <path>] [-c <name>=<value>]\n           [--exec-path[=<path>]] [--html-path] [--man-path] [--info-path]\n           [-p | --paginate | -P | --no-pager] [--no-replace-objects] [--no-lazy-fetch]\n           [--no-optional-locks] [--no-advice] [--bare] [--git-dir=<path>]\n           [--work-tree=<path>] [--namespace=<name>] [--config-env=<name>=<envvar>]\n           <command> [<args>]\n\nThese are common Git commands used in various situations:\n\nstart a working area (see also: git help tutorial)\n   clone      Clone a repository into a new directory\n   init       Create an empty Git repository or reinitialize an existing one\n\nwork on the current change (see also: git help everyday)\n   add        Add file contents to the index\n   mv         Move or rename a file, a directory, or a symlink\n   restore    Restore working tree files\n   rm         Remove files from the working tree and from the index\n\nexamine the history and state (see also: git help revisions)\n   bisect     Use binary search to find the commit that introduced a bug\n   diff       Show changes between commits, commit and working tree, etc\n   grep       Print lines matching a pattern\n   log        Show commit logs\n   show       Show various types of objects\n   status     Show the working tree status\n\ngrow, mark and tweak your common history\n   backfill   Download missing objects in a partial clone\n   branch     List, create, or delete branches\n   commit     Record changes to the repository\n   merge      Join two or more development histories together\n   rebase     Reapply commits on top of another base tip\n   reset      Set `HEAD` or the index to a known state\n   switch     Switch branches\n   tag        Create, list, delete or verify tags\n\ncollaborate (see also: git help workflows)\n   fetch      Download objects and refs from another repository\n   pull       Fetch from and integrate with another repository or a local branch\n   push       Update remote refs along with associated objects\n\n'git help -a' and 'git help -g' list available subcommands and some\nconcept guides. See 'git help <command>' or 'git help <concept>'\nto read about a specific subcommand or concept.\nSee 'git help git' for an overview of the system.\n""
[0m13:14:45.318469 [debug] [MainThread]: STDERR: "b''"
[0m13:14:45.318681 [info ] [MainThread]:  - git [[32mOK found[0m]

[0m13:14:45.318876 [info ] [MainThread]: Connection:
[0m13:14:45.319051 [info ] [MainThread]:   account: DFFHPRM-SQC21304
[0m13:14:45.319188 [info ] [MainThread]:   user: tankz
[0m13:14:45.319321 [info ] [MainThread]:   database: dbt
[0m13:14:45.319445 [info ] [MainThread]:   warehouse: compute_wh
[0m13:14:45.319569 [info ] [MainThread]:   role: accountadmin
[0m13:14:45.319692 [info ] [MainThread]:   schema: dbt_db
[0m13:14:45.319822 [info ] [MainThread]:   authenticator: None
[0m13:14:45.319942 [info ] [MainThread]:   oauth_client_id: None
[0m13:14:45.320064 [info ] [MainThread]:   query_tag: None
[0m13:14:45.320189 [info ] [MainThread]:   client_session_keep_alive: False
[0m13:14:45.320307 [info ] [MainThread]:   host: None
[0m13:14:45.320433 [info ] [MainThread]:   port: None
[0m13:14:45.320551 [info ] [MainThread]:   proxy_host: None
[0m13:14:45.320671 [info ] [MainThread]:   proxy_port: None
[0m13:14:45.320793 [info ] [MainThread]:   protocol: None
[0m13:14:45.320908 [info ] [MainThread]:   connect_retries: 1
[0m13:14:45.321029 [info ] [MainThread]:   connect_timeout: None
[0m13:14:45.321145 [info ] [MainThread]:   retry_on_database_errors: False
[0m13:14:45.321263 [info ] [MainThread]:   retry_all: False
[0m13:14:45.321380 [info ] [MainThread]:   insecure_mode: False
[0m13:14:45.321497 [info ] [MainThread]:   reuse_connections: True
[0m13:14:45.321880 [info ] [MainThread]: Registered adapter: snowflake=1.9.4
[0m13:14:45.405135 [debug] [MainThread]: Acquiring new snowflake connection 'debug'
[0m13:14:45.452826 [debug] [MainThread]: Using snowflake connection "debug"
[0m13:14:45.453108 [debug] [MainThread]: On debug: select 1 as id
[0m13:14:45.453270 [debug] [MainThread]: Opening a new connection, currently in state init
[0m13:14:47.243225 [debug] [MainThread]: SQL status: SUCCESS 1 in 1.790 seconds
[0m13:14:47.245320 [info ] [MainThread]:   Connection test: [[32mOK connection ok[0m]

[0m13:14:47.246059 [info ] [MainThread]: [31m1 check failed:[0m
[0m13:14:47.246641 [info ] [MainThread]: Project loading failed for the following reason:
 project path </Users/danielj.brown/Documents/GitHub/ethereum_project/dbt_project.yml> not found

[0m13:14:47.247672 [debug] [MainThread]: Resource report: {"command_name": "debug", "command_success": false, "command_wall_clock_time": 2.1548266, "process_in_blocks": "0", "process_kernel_time": 0.296662, "process_mem_max_rss": "163774464", "process_out_blocks": "0", "process_user_time": 1.182839}
[0m13:14:47.248389 [debug] [MainThread]: Command `dbt debug` failed at 13:14:47.248217 after 2.16 seconds
[0m13:14:47.248933 [debug] [MainThread]: Connection 'debug' was left open.
[0m13:14:47.249326 [debug] [MainThread]: On debug: Close
[0m13:14:47.334255 [debug] [MainThread]: Sending event: {'category': 'dbt', 'action': 'invocation', 'label': 'end', 'context': [<snowplow_tracker.self_describing_json.SelfDescribingJson object at 0x10b538ec0>, <snowplow_tracker.self_describing_json.SelfDescribingJson object at 0x10918db80>, <snowplow_tracker.self_describing_json.SelfDescribingJson object at 0x10a305850>]}
[0m13:14:47.335077 [debug] [MainThread]: Flushing usage events
[0m13:14:47.497028 [debug] [MainThread]: An error was encountered while trying to flush usage events
